[debug] [2024-03-10T23:23:17.261Z] ----------------------------------------------------------------------
[debug] [2024-03-10T23:23:17.264Z] Command:       C:\Program Files\nodejs\node.exe C:\Users\yuanxili\AppData\Roaming\npm\node_modules\firebase-tools\lib\bin\firebase.js init
[debug] [2024-03-10T23:23:17.265Z] CLI Version:   13.4.1
[debug] [2024-03-10T23:23:17.265Z] Platform:      win32
[debug] [2024-03-10T23:23:17.265Z] Node Version:  v20.10.0
[debug] [2024-03-10T23:23:17.265Z] Time:          Sun Mar 10 2024 16:23:17 GMT-0700 (Pacific Daylight Time)
[debug] [2024-03-10T23:23:17.265Z] ----------------------------------------------------------------------
[debug] 
[debug] [2024-03-10T23:23:17.363Z] > command requires scopes: ["email","openid","https://www.googleapis.com/auth/cloudplatformprojects.readonly","https://www.googleapis.com/auth/firebase","https://www.googleapis.com/auth/cloud-platform"]
[debug] [2024-03-10T23:23:17.364Z] > authorizing via signed-in user (yuanxili@uw.edu)
[info] 
     ######## #### ########  ######## ########     ###     ######  ########
     ##        ##  ##     ## ##       ##     ##  ##   ##  ##       ##
     ######    ##  ########  ######   ########  #########  ######  ######
     ##        ##  ##    ##  ##       ##     ## ##     ##       ## ##
     ##       #### ##     ## ######## ########  ##     ##  ######  ########

You're about to initialize a Firebase project in this directory:

  C:\Users\yuanxili\code\INFO340FinalProject

Before we get started, keep in mind:

  * You are initializing within an existing Firebase project directory

